SF:lib\main.dart
DA:17,0
DA:18,0
DA:20,0
DA:21,0
DA:22,0
DA:23,0
DA:26,3
DA:29,2
DA:39,1
DA:41,2
DA:43,2
DA:46,1
DA:52,1
DA:53,2
DA:60,0
DA:61,0
DA:62,0
DA:65,0
DA:66,0
DA:69,0
DA:70,0
DA:72,0
DA:73,0
DA:74,0
DA:75,0
DA:78,0
DA:79,0
DA:80,0
DA:81,0
DA:87,1
DA:88,1
DA:89,2
DA:90,1
DA:92,1
DA:94,2
DA:95,0
DA:96,0
DA:97,0
DA:98,0
DA:99,0
DA:100,0
DA:101,0
DA:102,0
DA:104,0
DA:105,0
DA:106,0
DA:107,0
DA:111,0
DA:112,0
DA:113,0
DA:114,0
DA:115,0
DA:116,0
DA:117,0
DA:118,0
DA:120,0
DA:121,0
DA:122,0
DA:123,0
DA:124,0
DA:125,0
DA:126,0
DA:128,0
DA:129,0
DA:130,0
DA:131,0
DA:132,0
DA:133,0
DA:134,0
DA:138,0
DA:139,0
DA:140,0
DA:141,0
DA:142,0
DA:143,0
DA:144,0
DA:145,0
DA:149,3
DA:150,1
DA:154,1
DA:155,0
DA:156,0
DA:158,0
DA:159,0
DA:160,0
DA:161,0
DA:167,0
DA:168,0
DA:169,0
DA:173,1
DA:175,1
DA:176,1
DA:177,1
DA:178,1
DA:179,0
DA:180,0
DA:183,0
DA:184,0
DA:188,1
DA:189,1
DA:197,1
DA:198,2
LF:102
LH:26
end_of_record
SF:lib\pages\LeaderBoard.dart
DA:10,0
DA:14,0
DA:16,0
DA:18,0
DA:20,0
DA:23,0
DA:28,0
DA:32,0
DA:33,0
DA:34,0
DA:35,0
DA:37,0
DA:38,0
DA:39,0
DA:41,0
DA:44,0
DA:45,0
DA:47,0
DA:53,0
DA:54,0
DA:55,0
DA:56,0
DA:57,0
DA:58,0
DA:59,0
DA:60,0
DA:61,0
DA:62,0
DA:63,0
DA:64,0
DA:65,0
DA:67,0
DA:68,0
DA:70,0
DA:71,0
DA:73,0
DA:74,0
DA:78,0
DA:79,0
DA:83,0
DA:84,0
DA:90,0
DA:91,0
DA:92,0
DA:93,0
DA:94,0
DA:95,0
DA:96,0
DA:98,0
DA:99,0
DA:101,0
DA:102,0
DA:103,0
DA:104,0
DA:105,0
DA:111,0
DA:112,0
DA:113,0
DA:116,0
DA:117,0
DA:118,0
DA:121,0
DA:122,0
DA:123,0
DA:124,0
DA:125,0
DA:128,0
DA:134,0
DA:136,0
DA:137,0
DA:139,0
DA:141,0
DA:142,0
DA:143,0
DA:149,0
DA:150,0
DA:151,0
DA:154,0
DA:155,0
DA:156,0
DA:159,0
DA:160,0
DA:161,0
DA:162,0
DA:163,0
DA:166,0
DA:176,0
DA:180,0
DA:181,0
DA:182,0
DA:183,0
DA:184,0
DA:185,0
DA:186,0
DA:187,0
DA:188,0
DA:189,0
DA:190,0
DA:192,0
DA:193,0
DA:195,0
DA:196,0
DA:198,0
DA:199,0
DA:203,0
DA:204,0
DA:208,0
DA:209,0
DA:215,0
DA:216,0
DA:217,0
DA:218,0
DA:219,0
DA:220,0
DA:221,0
DA:223,0
DA:224,0
DA:226,0
DA:227,0
DA:228,0
DA:229,0
DA:230,0
DA:236,0
DA:237,0
DA:238,0
DA:241,0
DA:242,0
DA:243,0
DA:246,0
DA:247,0
DA:248,0
DA:249,0
DA:250,0
DA:251,0
DA:252,0
DA:255,0
DA:261,0
DA:263,0
DA:264,0
DA:266,0
DA:268,0
DA:269,0
DA:270,0
DA:276,0
DA:277,0
DA:278,0
DA:281,0
DA:282,0
DA:283,0
DA:286,0
DA:287,0
DA:288,0
DA:289,0
DA:290,0
DA:291,0
DA:292,0
DA:295,0
DA:305,0
DA:314,1
DA:315,1
DA:317,2
DA:318,1
DA:319,2
DA:320,1
DA:323,0
DA:324,0
DA:325,0
DA:326,0
DA:332,0
DA:333,0
DA:335,0
DA:336,0
DA:337,0
DA:338,0
DA:339,0
DA:340,0
DA:343,0
DA:344,0
DA:345,0
DA:346,0
LF:180
LH:6
end_of_record
SF:lib\pages\nutrition.dart
DA:10,0
DA:26,0
DA:28,0
DA:29,0
DA:30,0
DA:31,0
DA:32,0
DA:33,0
DA:34,0
DA:35,0
DA:41,0
DA:48,0
DA:54,0
DA:55,0
DA:56,0
DA:58,0
DA:59,0
DA:60,0
DA:61,0
DA:62,0
DA:63,0
DA:64,0
DA:65,0
DA:66,0
DA:67,0
DA:68,0
DA:69,0
DA:71,0
DA:72,0
DA:73,0
DA:74,0
DA:75,0
DA:76,0
DA:77,0
DA:78,0
DA:79,0
DA:80,0
DA:81,0
DA:82,0
DA:83,0
DA:84,0
DA:85,0
DA:87,0
DA:88,0
DA:89,0
DA:90,0
DA:91,0
DA:92,0
DA:93,0
DA:94,0
DA:95,0
DA:96,0
DA:97,0
DA:99,0
DA:100,0
DA:101,0
DA:102,0
DA:103,0
DA:104,0
DA:105,0
DA:106,0
DA:107,0
DA:108,0
DA:109,0
DA:110,0
DA:111,0
DA:113,0
DA:115,0
DA:117,0
DA:119,0
DA:120,0
DA:122,0
DA:123,0
DA:124,0
DA:130,0
DA:132,0
DA:133,0
DA:135,0
DA:136,0
DA:140,0
DA:142,0
DA:143,0
DA:148,0
DA:154,1
DA:157,1
DA:158,6
DA:159,0
DA:160,0
DA:162,1
DA:163,0
DA:164,1
DA:165,0
DA:166,1
DA:167,1
DA:168,0
DA:169,0
DA:171,1
DA:172,0
DA:174,1
DA:175,0
DA:182,1
DA:183,1
DA:187,1
DA:188,1
DA:192,1
DA:193,4
DA:194,1
DA:198,1
DA:199,2
LF:109
LH:18
end_of_record
SF:lib\Component\Chart.dart
DA:2,0
LF:1
LH:0
end_of_record
SF:lib\Component\Repository.dart
DA:13,0
DA:14,0
DA:38,0
DA:39,0
DA:42,0
DA:54,0
DA:65,0
DA:66,0
DA:71,0
DA:72,0
DA:79,0
DA:80,0
DA:86,0
DA:88,0
DA:90,0
DA:92,0
DA:96,0
DA:99,0
DA:102,0
DA:103,0
DA:104,0
DA:107,0
DA:108,0
DA:112,0
DA:113,0
DA:115,0
DA:116,0
DA:117,0
DA:118,0
DA:121,0
DA:123,0
DA:124,0
DA:130,0
DA:132,0
DA:134,0
DA:138,0
DA:140,0
DA:145,0
DA:146,0
DA:148,0
DA:149,0
DA:150,0
DA:151,0
DA:152,0
DA:153,0
DA:154,0
DA:155,0
DA:156,0
DA:157,0
DA:160,0
DA:162,0
DA:163,0
DA:169,0
DA:171,0
DA:173,0
DA:175,0
DA:177,0
DA:179,0
DA:181,0
DA:185,0
DA:186,0
DA:188,0
DA:190,0
DA:191,0
DA:192,0
DA:193,0
DA:195,0
DA:200,0
DA:201,0
DA:202,0
DA:203,0
DA:204,0
DA:205,0
DA:206,0
DA:207,0
DA:215,0
DA:216,0
DA:218,0
DA:219,0
DA:220,0
DA:221,0
DA:224,0
DA:226,0
DA:227,0
DA:233,0
DA:235,0
DA:237,0
DA:239,0
DA:243,0
DA:245,0
DA:246,0
DA:248,0
DA:253,0
DA:254,0
DA:256,0
DA:257,0
DA:258,0
DA:259,0
DA:260,0
DA:261,0
DA:262,0
DA:263,0
DA:264,0
DA:265,0
DA:268,0
DA:270,0
DA:271,0
DA:277,0
DA:279,0
DA:281,0
DA:283,0
DA:285,0
DA:287,0
DA:289,0
DA:293,0
DA:294,0
DA:296,0
DA:298,0
DA:299,0
DA:300,0
DA:301,0
DA:303,0
DA:308,0
DA:310,0
DA:311,0
DA:313,0
DA:316,0
DA:317,0
DA:318,0
DA:319,0
DA:320,0
DA:321,0
DA:322,0
DA:323,0
DA:331,0
DA:332,0
DA:334,0
DA:335,0
DA:336,0
DA:337,0
DA:340,0
DA:342,0
DA:343,0
DA:349,0
DA:351,0
DA:353,0
DA:355,0
DA:359,0
DA:361,0
DA:362,0
DA:364,0
DA:369,0
DA:370,0
DA:372,0
DA:373,0
DA:374,0
DA:375,0
DA:376,0
DA:377,0
DA:378,0
DA:379,0
DA:380,0
DA:381,0
DA:384,0
DA:386,0
DA:387,0
DA:393,0
DA:395,0
DA:397,0
DA:399,0
DA:401,0
DA:403,0
DA:405,0
DA:409,0
DA:410,0
DA:412,0
DA:414,0
DA:415,0
DA:416,0
DA:417,0
DA:419,0
DA:424,0
DA:426,0
DA:427,0
DA:429,0
DA:432,0
DA:433,0
DA:434,0
DA:435,0
DA:436,0
DA:437,0
DA:438,0
DA:439,0
DA:447,0
DA:448,0
DA:450,0
DA:451,0
DA:452,0
DA:453,0
DA:456,0
DA:458,0
DA:459,0
DA:465,0
DA:467,0
DA:469,0
DA:471,0
DA:475,0
DA:477,0
DA:478,0
DA:480,0
DA:485,0
DA:486,0
DA:488,0
DA:489,0
DA:490,0
DA:491,0
DA:494,0
DA:496,0
DA:497,0
DA:503,0
DA:505,0
DA:507,0
DA:509,0
DA:513,0
DA:515,0
DA:516,0
DA:519,0
DA:524,0
DA:525,0
DA:527,0
DA:528,0
DA:529,0
DA:530,0
DA:531,0
DA:532,0
DA:533,0
DA:534,0
DA:535,0
DA:536,0
DA:539,0
DA:541,0
DA:542,0
DA:548,0
DA:550,0
DA:552,0
DA:554,0
DA:556,0
DA:558,0
DA:560,0
DA:564,0
DA:565,0
DA:567,0
DA:569,0
DA:570,0
DA:571,0
DA:572,0
DA:574,0
DA:579,0
DA:581,0
DA:582,0
DA:584,0
DA:585,0
DA:588,0
DA:589,0
DA:590,0
DA:591,0
DA:592,0
DA:593,0
DA:594,0
DA:595,0
DA:602,0
DA:603,0
DA:605,0
DA:606,0
DA:607,0
DA:608,0
DA:609,0
DA:610,0
DA:611,0
DA:612,0
DA:613,0
DA:614,0
DA:617,0
DA:619,0
DA:620,0
DA:626,0
DA:628,0
DA:630,0
DA:632,0
DA:634,0
DA:636,0
DA:638,0
DA:642,0
DA:643,0
DA:645,0
DA:647,0
DA:648,0
DA:649,0
DA:650,0
DA:652,0
DA:657,0
DA:659,0
DA:660,0
DA:662,0
DA:665,0
DA:666,0
DA:667,0
DA:668,0
DA:669,0
DA:670,0
DA:671,0
DA:672,0
DA:680,0
DA:681,0
DA:683,0
DA:684,0
DA:685,0
DA:686,0
DA:689,0
DA:691,0
DA:692,0
DA:698,0
DA:700,0
DA:702,0
DA:704,0
DA:708,0
DA:710,0
DA:711,0
DA:713,0
DA:718,0
DA:719,0
DA:721,0
DA:722,0
DA:723,0
DA:724,0
DA:725,0
DA:726,0
DA:727,0
DA:728,0
DA:729,0
DA:730,0
DA:733,0
DA:735,0
DA:736,0
DA:742,0
DA:744,0
DA:746,0
DA:748,0
DA:750,0
DA:752,0
DA:754,0
DA:758,0
DA:759,0
DA:761,0
DA:763,0
DA:764,0
DA:765,0
DA:766,0
DA:768,0
DA:773,0
DA:775,0
DA:776,0
DA:778,0
DA:781,0
DA:782,0
DA:783,0
DA:784,0
DA:785,0
DA:786,0
DA:787,0
DA:788,0
DA:796,0
DA:797,0
DA:799,0
DA:800,0
DA:801,0
DA:802,0
DA:805,0
DA:807,0
DA:808,0
DA:814,0
DA:816,0
DA:818,0
DA:820,0
DA:824,0
DA:826,0
DA:827,0
DA:829,0
DA:834,0
DA:835,0
DA:837,0
DA:838,0
DA:839,0
DA:840,0
DA:841,0
DA:842,0
DA:843,0
DA:844,0
DA:845,0
DA:846,0
DA:849,0
DA:851,0
DA:852,0
DA:858,0
DA:860,0
DA:862,0
DA:864,0
DA:866,0
DA:868,0
DA:870,0
DA:874,0
DA:875,0
DA:877,0
DA:879,0
DA:880,0
DA:881,0
DA:882,0
DA:884,0
DA:889,0
DA:891,0
DA:892,0
DA:894,0
DA:897,0
DA:898,0
DA:899,0
DA:900,0
DA:901,0
DA:902,0
DA:903,0
DA:904,0
DA:912,0
DA:913,0
DA:914,0
DA:916,0
DA:926,0
DA:933,0
DA:942,0
DA:943,0
DA:944,0
DA:948,0
DA:950,0
DA:990,0
DA:991,0
DA:996,0
DA:997,0
DA:999,0
DA:1001,0
DA:1002,0
DA:1003,0
DA:1004,0
DA:1005,0
DA:1006,0
DA:1007,0
DA:1009,0
DA:1013,0
DA:1014,0
DA:1015,0
DA:1016,0
DA:1017,0
DA:1018,0
DA:1019,0
DA:1020,0
DA:1023,0
DA:1026,0
DA:1027,0
DA:1028,0
DA:1038,0
DA:1039,0
DA:1044,0
DA:1048,0
DA:1050,0
DA:1052,0
DA:1056,0
DA:1058,0
DA:1066,0
DA:1067,0
DA:1072,0
DA:1076,0
DA:1078,0
DA:1079,0
DA:1081,0
DA:1085,0
DA:1087,0
DA:1095,0
DA:1096,0
DA:1102,0
DA:1106,0
DA:1108,0
DA:1109,0
DA:1110,0
DA:1111,0
DA:1115,0
DA:1117,0
DA:1126,0
DA:1127,0
DA:1131,0
DA:1132,0
DA:1134,0
DA:1135,0
DA:1136,0
DA:1137,0
DA:1140,0
DA:1145,0
DA:1146,0
DA:1147,0
DA:1148,0
DA:1149,0
DA:1150,0
DA:1151,0
DA:1152,0
DA:1153,0
DA:1154,0
DA:1157,0
DA:1158,0
DA:1159,0
DA:1160,0
DA:1161,0
DA:1162,0
DA:1163,0
DA:1166,0
DA:1167,0
DA:1168,0
DA:1169,0
DA:1174,0
DA:1175,0
DA:1178,0
DA:1179,0
DA:1180,0
DA:1181,0
DA:1182,0
DA:1183,0
DA:1189,0
DA:1190,0
DA:1195,0
DA:1196,0
DA:1199,0
DA:1200,0
DA:1203,0
DA:1204,0
DA:1207,0
DA:1208,0
DA:1209,0
DA:1210,0
DA:1211,0
DA:1212,0
DA:1213,0
DA:1214,0
DA:1215,0
DA:1216,0
DA:1217,0
DA:1218,0
DA:1219,0
DA:1220,0
DA:1222,0
DA:1225,0
DA:1228,0
LF:556
LH:0
end_of_record
SF:lib\Component\bottom_navigation_item.dart
DA:6,0
LF:1
LH:0
end_of_record
SF:lib\controller\PagesNavigator.dart
DA:13,0
DA:23,0
DA:25,0
DA:27,0
DA:28,0
DA:29,0
DA:32,0
DA:34,0
DA:36,0
DA:37,0
DA:38,0
DA:39,0
DA:41,0
DA:45,0
LF:14
LH:0
end_of_record
SF:lib\pages\HomePage.dart
DA:23,0
DA:26,0
DA:31,0
DA:33,0
DA:34,0
DA:35,0
DA:43,0
DA:45,0
DA:46,0
DA:48,0
DA:49,0
DA:50,0
DA:51,0
DA:52,0
DA:53,0
DA:57,0
DA:58,0
DA:69,0
DA:71,0
DA:72,0
DA:73,0
DA:74,0
DA:77,0
DA:79,0
DA:80,0
DA:81,0
DA:82,0
DA:83,0
DA:84,0
DA:85,0
DA:86,0
DA:88,0
DA:89,0
DA:90,0
DA:91,0
DA:92,0
DA:93,0
DA:94,0
DA:95,0
DA:96,0
DA:98,0
DA:99,0
DA:100,0
DA:101,0
DA:102,0
DA:103,0
DA:104,0
DA:105,0
DA:106,0
DA:107,0
DA:108,0
DA:109,0
DA:110,0
DA:111,0
DA:115,0
DA:116,0
DA:127,0
DA:128,0
DA:135,0
DA:139,0
DA:143,0
DA:145,0
DA:146,0
DA:147,0
DA:151,0
DA:152,0
DA:153,0
DA:154,0
DA:155,0
DA:160,0
DA:161,0
DA:162,0
DA:163,0
DA:164,0
DA:170,0
DA:171,0
DA:172,0
DA:173,0
DA:178,0
DA:179,0
DA:180,0
DA:181,0
DA:182,0
DA:194,0
DA:196,0
DA:197,0
DA:198,0
DA:199,0
DA:200,0
DA:205,0
DA:206,0
DA:209,0
DA:210,0
DA:211,0
DA:215,0
DA:217,0
DA:218,0
DA:220,0
DA:221,0
DA:222,0
DA:223,0
DA:224,0
DA:230,0
DA:231,0
DA:232,0
DA:234,0
DA:235,0
DA:237,0
DA:238,0
DA:245,0
DA:248,0
DA:250,0
DA:251,0
DA:253,0
DA:254,0
DA:255,0
DA:256,0
DA:257,0
DA:258,0
DA:261,0
DA:265,0
DA:266,0
DA:271,0
DA:272,0
DA:273,0
DA:276,0
DA:277,0
DA:282,0
DA:283,0
DA:285,0
DA:286,0
DA:288,0
DA:289,0
DA:290,0
DA:293,0
DA:297,0
DA:298,0
DA:299,0
DA:301,0
DA:304,0
DA:305,0
DA:306,0
DA:310,0
DA:311,0
DA:314,0
DA:315,0
DA:318,0
DA:319,0
DA:321,0
DA:323,0
DA:324,0
DA:325,0
DA:326,0
DA:327,0
DA:328,0
DA:329,0
DA:330,0
DA:331,0
DA:332,0
DA:333,0
DA:334,0
DA:336,0
DA:337,0
DA:338,0
DA:339,0
DA:340,0
DA:341,0
DA:342,0
DA:349,0
LF:169
LH:0
end_of_record
SF:lib\pages\Profile.dart
DA:18,0
DA:21,0
DA:23,0
DA:24,0
DA:25,0
DA:26,0
DA:27,0
DA:28,0
DA:29,0
DA:30,0
DA:32,0
DA:35,0
DA:41,0
DA:42,0
DA:43,0
DA:44,0
DA:45,0
DA:46,0
DA:48,0
DA:49,0
DA:51,0
DA:53,0
DA:54,0
DA:56,0
DA:58,0
DA:59,0
DA:61,0
DA:63,0
DA:64,0
DA:66,0
DA:68,0
DA:69,0
DA:71,0
DA:73,0
DA:74,0
DA:76,0
DA:78,0
DA:79,0
DA:81,0
DA:82,0
DA:83,0
DA:84,0
DA:85,0
DA:86,0
DA:87,0
DA:88,0
DA:89,0
DA:90,0
DA:92,0
DA:93,0
DA:94,0
DA:98,0
DA:100,0
DA:105,0
LF:54
LH:0
end_of_record
SF:lib\pages\rewards.dart
DA:13,0
DA:17,0
DA:19,0
DA:21,0
DA:23,0
DA:26,0
DA:31,0
DA:35,0
DA:36,0
DA:37,0
DA:38,0
DA:40,0
DA:41,0
DA:42,0
DA:44,0
DA:47,0
DA:48,0
DA:50,0
DA:56,0
DA:57,0
DA:58,0
DA:59,0
DA:60,0
DA:61,0
DA:62,0
DA:63,0
DA:64,0
DA:65,0
DA:66,0
DA:67,0
DA:68,0
DA:69,0
DA:70,0
DA:71,0
DA:72,0
DA:73,0
DA:74,0
DA:75,0
DA:76,0
DA:78,0
DA:82,0
DA:83,0
DA:88,0
DA:89,0
DA:95,0
DA:99,0
DA:100,0
DA:101,0
DA:102,0
DA:105,0
DA:106,0
DA:108,0
DA:110,0
DA:112,0
DA:113,0
DA:114,0
DA:120,0
DA:121,0
DA:122,0
DA:126,0
DA:127,0
DA:130,0
DA:131,0
DA:132,0
DA:133,0
DA:134,0
DA:135,0
DA:137,0
DA:139,0
DA:141,0
DA:142,0
DA:144,0
DA:146,0
DA:147,0
DA:148,0
DA:149,0
DA:150,0
DA:152,0
DA:155,0
DA:156,0
DA:161,0
DA:162,0
DA:168,0
DA:169,0
DA:171,0
DA:173,0
DA:175,0
DA:177,0
DA:178,0
DA:181,0
DA:182,0
DA:187,0
DA:188,0
DA:198,0
DA:203,0
DA:209,0
DA:210,0
DA:211,0
DA:212,0
DA:213,0
DA:214,0
DA:215,0
DA:216,0
DA:217,0
DA:218,0
DA:223,0
DA:225,0
DA:229,0
DA:230,0
DA:231,0
DA:233,0
DA:234,0
DA:237,0
DA:238,0
DA:240,0
DA:242,0
DA:243,0
DA:244,0
DA:250,0
DA:257,0
DA:258,0
DA:261,0
DA:262,0
DA:263,0
DA:264,0
DA:268,0
DA:269,0
DA:271,0
DA:272,0
DA:274,0
DA:275,0
DA:284,0
DA:293,0
DA:295,0
DA:296,0
DA:297,0
DA:298,0
DA:299,0
DA:300,0
DA:301,0
DA:302,0
DA:303,0
DA:304,0
DA:308,0
DA:311,0
DA:312,0
DA:313,0
DA:316,0
DA:317,0
DA:320,0
DA:321,0
DA:322,0
DA:323,0
DA:324,0
DA:327,0
DA:328,0
DA:329,0
DA:334,0
DA:336,0
LF:159
LH:0
end_of_record
SF:lib\design\colors.dart
DA:4,0
LF:1
LH:0
end_of_record
SF:lib\controller\navcontroller.dart
DA:7,0
DA:8,0
LF:2
LH:0
end_of_record
SF:lib\design\app_data.dart
DA:5,0
DA:7,0
DA:8,0
DA:9,0
DA:10,0
DA:11,0
LF:6
LH:0
end_of_record
SF:lib\pages\Login.dart
DA:15,2
DA:18,0
DA:23,0
DA:25,0
DA:27,0
DA:28,0
DA:29,0
DA:30,0
DA:31,0
DA:32,0
DA:36,0
DA:37,0
DA:38,0
DA:39,0
DA:40,0
DA:41,0
DA:43,0
DA:44,0
DA:46,0
DA:47,0
DA:48,0
DA:49,0
DA:50,0
DA:51,0
DA:52,0
DA:53,0
DA:54,0
DA:55,0
DA:56,0
DA:57,0
DA:58,0
DA:59,0
DA:60,0
DA:61,0
DA:62,0
DA:63,0
DA:64,0
DA:66,0
DA:67,0
DA:68,0
DA:69,0
DA:70,0
DA:71,0
DA:72,0
DA:73,0
DA:74,0
DA:75,0
DA:77,0
DA:79,0
DA:80,0
DA:81,0
DA:84,0
DA:85,0
DA:86,0
DA:87,0
DA:88,0
DA:90,0
DA:99,0
DA:101,0
DA:105,0
DA:106,0
DA:107,0
DA:108,0
DA:109,0
DA:110,0
DA:111,0
DA:112,0
DA:113,0
DA:114,0
DA:115,0
DA:116,0
DA:117,0
DA:119,0
DA:120,0
DA:121,0
DA:122,0
DA:135,0
DA:137,0
DA:143,0
DA:145,0
DA:147,0
DA:148,0
DA:149,0
DA:150,0
DA:152,0
DA:153,0
DA:154,0
DA:155,0
DA:156,0
DA:157,0
DA:158,0
DA:159,0
DA:160,0
DA:161,0
DA:162,0
DA:163,0
DA:164,0
DA:166,0
LF:98
LH:1
end_of_record
SF:lib\pages\Alldata.dart
DA:12,0
DA:49,0
DA:50,0
DA:51,0
DA:52,0
DA:53,0
DA:54,0
DA:55,0
DA:56,0
DA:57,0
DA:63,0
DA:70,0
DA:76,0
DA:77,0
DA:78,0
DA:80,0
DA:81,0
DA:82,0
DA:83,0
DA:84,0
DA:85,0
DA:87,0
DA:89,0
DA:91,0
DA:92,0
DA:94,0
DA:95,0
DA:96,0
DA:102,0
DA:103,0
DA:104,0
DA:105,0
DA:107,0
DA:108,0
DA:109,0
DA:110,0
DA:112,0
DA:114,0
DA:115,0
DA:116,0
DA:117,0
DA:120,0
DA:122,0
DA:123,0
DA:125,0
DA:126,0
DA:130,0
DA:131,0
DA:132,0
DA:133,0
DA:134,0
DA:136,0
DA:137,0
DA:141,0
DA:143,0
DA:153,0
LF:56
LH:0
end_of_record
SF:lib\pages\weeklyData.dart
DA:8,0
DA:15,0
DA:21,0
DA:22,0
DA:24,0
DA:31,0
DA:33,0
DA:34,0
DA:35,0
DA:36,0
DA:37,0
DA:38,0
DA:39,0
DA:40,0
DA:46,0
DA:53,0
DA:54,0
DA:60,0
DA:61,0
DA:62,0
DA:63,0
DA:64,0
DA:65,0
DA:66,0
DA:71,0
DA:73,0
DA:74,0
DA:75,0
DA:76,0
DA:77,0
DA:78,0
DA:79,0
DA:80,0
DA:81,0
DA:82,0
DA:83,0
DA:84,0
DA:85,0
DA:86,0
DA:87,0
DA:88,0
DA:89,0
DA:90,0
DA:91,0
DA:92,0
DA:93,0
DA:94,0
DA:97,0
DA:98,0
DA:100,0
DA:101,0
DA:102,0
DA:104,0
DA:105,0
DA:115,0
LF:55
LH:0
end_of_record
SF:lib\pages\weeklyDataforD.dart
DA:8,0
DA:15,0
DA:22,0
DA:23,0
DA:25,0
DA:33,0
DA:35,0
DA:36,0
DA:37,0
DA:38,0
DA:39,0
DA:40,0
DA:41,0
DA:42,0
DA:48,0
DA:54,0
DA:55,0
DA:61,0
DA:62,0
DA:63,0
DA:64,0
DA:65,0
DA:66,0
DA:67,0
DA:72,0
DA:74,0
DA:75,0
DA:76,0
DA:77,0
DA:78,0
DA:79,0
DA:80,0
DA:81,0
DA:82,0
DA:83,0
DA:84,0
DA:85,0
DA:86,0
DA:87,0
DA:88,0
DA:89,0
DA:90,0
DA:91,0
DA:92,0
DA:93,0
DA:94,0
DA:95,0
DA:98,0
DA:99,0
DA:101,0
DA:102,0
DA:103,0
DA:105,0
DA:106,0
DA:116,0
LF:55
LH:0
end_of_record
SF:lib\pages\Heart_Rate.dart
DA:7,0
DA:8,0
DA:19,0
DA:21,0
DA:23,0
DA:25,0
DA:27,0
DA:28,0
DA:29,0
DA:30,0
DA:32,0
DA:33,0
DA:34,0
DA:35,0
DA:39,0
DA:40,0
DA:41,0
DA:42,0
DA:51,0
DA:52,0
DA:53,0
DA:54,0
DA:56,0
DA:58,0
DA:59,0
DA:60,0
DA:61,0
DA:62,0
DA:63,0
DA:65,0
LF:30
LH:0
end_of_record
SF:lib\pages\SetData.dart
DA:15,0
DA:17,0
DA:19,0
DA:22,0
DA:28,0
DA:29,0
DA:30,0
DA:31,0
DA:32,0
DA:33,0
DA:34,0
DA:35,0
DA:36,0
DA:37,0
DA:38,0
DA:40,0
DA:41,0
DA:43,0
DA:45,0
DA:46,0
DA:48,0
DA:50,0
DA:51,0
DA:53,0
DA:55,0
DA:56,0
DA:58,0
DA:60,0
DA:61,0
DA:63,0
DA:65,0
DA:66,0
DA:68,0
DA:70,0
DA:71,0
DA:73,0
DA:74,0
DA:76,0
DA:77,0
DA:79,0
DA:80,0
DA:82,0
DA:83,0
DA:84,0
DA:87,0
DA:89,0
DA:94,0
LF:47
LH:0
end_of_record
SF:lib\pages\Profile_Interface.dart
DA:11,0
DA:16,0
DA:22,0
DA:23,0
DA:28,0
DA:30,0
DA:31,0
DA:49,0
DA:51,0
DA:52,0
DA:53,0
DA:54,0
DA:55,0
DA:56,0
DA:57,0
DA:58,0
DA:59,0
DA:60,0
DA:61,0
DA:62,0
DA:63,0
DA:64,0
DA:65,0
DA:66,0
DA:67,0
DA:68,0
DA:70,0
DA:73,0
DA:74,0
DA:76,0
DA:77,0
DA:79,0
DA:82,0
DA:83,0
DA:84,0
DA:85,0
DA:86,0
DA:87,0
DA:88,0
DA:89,0
DA:90,0
DA:96,0
DA:98,0
DA:100,0
DA:101,0
DA:102,0
DA:103,0
DA:104,0
DA:105,0
DA:109,0
DA:110,0
DA:111,0
DA:112,0
DA:114,0
DA:117,0
DA:118,0
DA:119,0
DA:120,0
DA:121,0
DA:122,0
DA:123,0
DA:124,0
DA:125,0
DA:126,0
DA:127,0
DA:128,0
DA:129,0
DA:130,0
DA:131,0
DA:142,0
DA:143,0
DA:146,0
DA:147,0
DA:148,0
DA:149,0
DA:151,0
DA:152,0
DA:154,0
DA:155,0
DA:156,0
DA:159,0
DA:160,0
DA:162,0
DA:163,0
DA:164,0
DA:165,0
DA:166,0
DA:167,0
DA:168,0
DA:169,0
DA:170,0
DA:171,0
DA:175,0
DA:176,0
DA:177,0
DA:178,0
DA:179,0
DA:180,0
DA:181,0
DA:182,0
DA:183,0
DA:184,0
DA:185,0
DA:186,0
DA:187,0
DA:188,0
DA:189,0
DA:190,0
DA:191,0
DA:192,0
DA:193,0
DA:195,0
DA:197,0
DA:198,0
DA:200,0
DA:209,0
DA:213,0
DA:214,0
DA:215,0
DA:216,0
DA:217,0
DA:219,0
DA:220,0
DA:223,0
DA:224,0
DA:225,0
DA:226,0
DA:228,0
DA:229,0
DA:230,0
DA:231,0
DA:233,0
DA:234,0
DA:237,0
DA:238,0
DA:239,0
DA:240,0
DA:242,0
DA:243,0
DA:244,0
DA:245,0
DA:247,0
DA:248,0
DA:249,0
DA:250,0
DA:252,0
DA:253,0
DA:254,0
DA:255,0
DA:258,0
DA:259,0
DA:260,0
DA:261,0
DA:263,0
DA:265,0
DA:268,0
DA:269,0
DA:270,0
DA:271,0
DA:272,0
DA:273,0
DA:274,0
DA:276,0
DA:284,0
DA:285,0
DA:286,0
DA:287,0
DA:288,0
DA:289,0
DA:293,0
DA:294,0
DA:295,0
DA:296,0
DA:299,0
DA:301,0
LF:175
LH:0
end_of_record
